app/build/intermediates/manifest_merge_blame_file/pureDebug/manifest-merger-blame-pure-debug-report.txt
1<?xml version="1.0" encoding="utf-8"?>
2<manifest xmlns:android="http://schemas.android.com/apk/res/android"
3    package="com.battlelancer.seriesguide"
4    android:versionCode="2106405"
5    android:versionName="64.0.5" >
6
7    <uses-sdk
8        android:minSdkVersion="21"
9        android:targetSdkVersion="31" />
10
11    <!-- Google Play in-app billing -->
12    <uses-permission android:name="com.android.vending.BILLING" />
12-->src/pure/AndroidManifest.xml:6:5-67
12-->src/pure/AndroidManifest.xml:6:22-64
13    <uses-permission android:name="android.permission.ACCESS_NETWORK_STATE" />
13-->src/main/AndroidManifest.xml:5:5-79
13-->src/main/AndroidManifest.xml:5:22-76
14    <uses-permission android:name="android.permission.INTERNET" /> <!-- Notification service -->
14-->src/main/AndroidManifest.xml:6:5-67
14-->src/main/AndroidManifest.xml:6:22-64
15    <uses-permission android:name="android.permission.RECEIVE_BOOT_COMPLETED" />
15-->src/main/AndroidManifest.xml:8:5-81
15-->src/main/AndroidManifest.xml:8:22-78
16    <uses-permission android:name="android.permission.VIBRATE" /> <!-- Sync adapter -->
16-->src/main/AndroidManifest.xml:9:5-66
16-->src/main/AndroidManifest.xml:9:22-63
17    <uses-permission
17-->src/main/AndroidManifest.xml:11:5-13:38
18        android:name="android.permission.GET_ACCOUNTS"
18-->src/main/AndroidManifest.xml:12:9-55
19        android:maxSdkVersion="22" />
19-->src/main/AndroidManifest.xml:13:9-35
20    <uses-permission
20-->src/main/AndroidManifest.xml:14:5-16:38
21        android:name="android.permission.MANAGE_ACCOUNTS"
21-->src/main/AndroidManifest.xml:15:9-58
22        android:maxSdkVersion="22" />
22-->src/main/AndroidManifest.xml:16:9-35
23    <uses-permission
23-->src/main/AndroidManifest.xml:17:5-19:38
24        android:name="android.permission.AUTHENTICATE_ACCOUNTS"
24-->src/main/AndroidManifest.xml:18:9-64
25        android:maxSdkVersion="22" />
25-->src/main/AndroidManifest.xml:19:9-35
26    <uses-permission android:name="android.permission.READ_SYNC_STATS" />
26-->src/main/AndroidManifest.xml:20:5-74
26-->src/main/AndroidManifest.xml:20:22-71
27    <uses-permission android:name="android.permission.READ_SYNC_SETTINGS" />
27-->src/main/AndroidManifest.xml:21:5-77
27-->src/main/AndroidManifest.xml:21:22-74
28    <uses-permission android:name="android.permission.WRITE_SYNC_SETTINGS" /> <!-- Show shortcuts -->
28-->src/main/AndroidManifest.xml:22:5-78
28-->src/main/AndroidManifest.xml:22:22-75
29    <uses-permission android:name="com.android.launcher.permission.INSTALL_SHORTCUT" /> <!-- To schedule episode release notifications -->
29-->src/main/AndroidManifest.xml:24:5-88
29-->src/main/AndroidManifest.xml:24:22-85
30    <uses-permission android:name="android.permission.SCHEDULE_EXACT_ALARM" />
30-->src/main/AndroidManifest.xml:26:5-78
30-->src/main/AndroidManifest.xml:26:22-76
31
32    <uses-feature
32-->src/main/AndroidManifest.xml:28:5-30:36
33        android:name="android.hardware.touchscreen"
33-->src/main/AndroidManifest.xml:29:9-52
34        android:required="false" /> <!-- On Android 11 (SDK 30), allow SeriesGuide to see apps providing extensions and the X Pass app. -->
34-->src/main/AndroidManifest.xml:30:9-33
35    <!-- https://developer.android.com/preview/privacy/package-visibility -->
36    <queries>
36-->src/main/AndroidManifest.xml:34:5-39:15
37        <intent>
37-->src/main/AndroidManifest.xml:35:9-37:18
38            <action android:name="com.battlelancer.seriesguide.api.SeriesGuideExtension" />
38-->src/main/AndroidManifest.xml:36:13-92
38-->src/main/AndroidManifest.xml:36:21-89
39        </intent>
40
41        <package android:name="com.battlelancer.seriesguide.x" />
41-->src/main/AndroidManifest.xml:38:9-66
41-->src/main/AndroidManifest.xml:38:18-63
42    </queries> <!-- JobIntentService manages wake lock on its own pre-O -->
43    <uses-permission
43-->[:api] AndroidManifest.xml:10:5-12:38
44        android:name="android.permission.WAKE_LOCK"
44-->[:api] AndroidManifest.xml:11:9-52
45        android:maxSdkVersion="25" />
45-->[:api] AndroidManifest.xml:12:9-35
46
47    <application
48        android:name="com.battlelancer.seriesguide.SgApp"
48-->src/main/AndroidManifest.xml:42:9-58
49        android:allowBackup="true"
49-->src/main/AndroidManifest.xml:43:9-35
50        android:appComponentFactory="androidx.core.app.CoreComponentFactory"
50-->[androidx.core:core:1.7.0] AndroidManifest.xml:24:18-86
51        android:backupAgent="com.battlelancer.seriesguide.SgBackupAgent"
51-->src/main/AndroidManifest.xml:44:9-73
52        android:debuggable="true"
53        android:fullBackupContent="@xml/sg_full_backup_rules"
53-->src/main/AndroidManifest.xml:45:9-62
54        android:fullBackupOnly="true"
54-->src/main/AndroidManifest.xml:46:9-38
55        android:hardwareAccelerated="true"
55-->src/main/AndroidManifest.xml:47:9-43
56        android:icon="@mipmap/ic_launcher"
56-->src/main/AndroidManifest.xml:48:9-43
57        android:label="@string/app_name"
57-->src/main/AndroidManifest.xml:49:9-41
58        android:restrictedAccountType="com.battlelancer.seriesguide"
58-->src/main/AndroidManifest.xml:50:9-57
59        android:roundIcon="@mipmap/ic_launcher_round"
59-->src/main/AndroidManifest.xml:51:9-54
60        android:supportsRtl="false"
60-->src/main/AndroidManifest.xml:52:9-36
61        android:theme="@style/Theme.SeriesGuide.Launch" >
61-->src/main/AndroidManifest.xml:53:9-56
62
63        <!-- Android Backup key for com.battlelancer.seriesguide application ID -->
64        <meta-data
64-->src/pure/AndroidManifest.xml:11:9-13:51
65            android:name="com.google.android.backup.api_key"
65-->src/pure/AndroidManifest.xml:12:13-61
66            android:value="MISSING" />
66-->src/pure/AndroidManifest.xml:13:13-48
67
68        <!-- Built-in SeriesGuide extensions (Google Play version only) -->
69        <receiver
69-->src/pure/AndroidManifest.xml:16:9-26:20
70            android:name="com.battlelancer.seriesguide.extensions.GooglePlayExtensionReceiver"
70-->src/pure/AndroidManifest.xml:17:13-95
71            android:description="@string/description_extension_google_play"
71-->src/pure/AndroidManifest.xml:18:13-76
72            android:exported="false"
72-->src/pure/AndroidManifest.xml:19:13-37
73            android:icon="@mipmap/ic_app"
73-->src/pure/AndroidManifest.xml:20:13-42
74            android:label="@string/extension_google_play" >
74-->src/pure/AndroidManifest.xml:21:13-58
75            <intent-filter>
75-->src/pure/AndroidManifest.xml:23:13-25:29
76                <action android:name="com.battlelancer.seriesguide.api.SeriesGuideExtension" />
76-->src/main/AndroidManifest.xml:36:13-92
76-->src/main/AndroidManifest.xml:36:21-89
77            </intent-filter>
78        </receiver>
79
80        <service
80-->src/pure/AndroidManifest.xml:27:9-30:72
81            android:name="com.battlelancer.seriesguide.extensions.GooglePlayExtension"
81-->src/pure/AndroidManifest.xml:28:13-87
82            android:exported="true"
82-->src/pure/AndroidManifest.xml:29:13-36
83            android:permission="android.permission.BIND_JOB_SERVICE" />
83-->src/pure/AndroidManifest.xml:30:13-69
84
85        <!-- AndroidX testing, remove once minSdkVersion is 28 or higher. -->
86        <uses-library
86-->src/main/AndroidManifest.xml:56:9-58:40
87            android:name="android.test.runner"
87-->src/main/AndroidManifest.xml:57:13-47
88            android:required="false" /> <!-- Samsung MultiWindow support -->
88-->src/main/AndroidManifest.xml:58:13-37
89        <meta-data
89-->src/main/AndroidManifest.xml:61:9-63:36
90            android:name="com.samsung.android.sdk.multiwindow.enable"
90-->src/main/AndroidManifest.xml:62:13-70
91            android:value="true" /> <!-- Database content provider -->
91-->src/main/AndroidManifest.xml:63:13-33
92        <provider
93            android:name="com.battlelancer.seriesguide.provider.SeriesGuideProvider"
94            android:authorities="com.battlelancer.seriesguide.provider"
95            android:exported="true" /> <!-- File sharing content provider -->
96        <provider
97            android:name="androidx.core.content.FileProvider"
98            android:authorities="com.battlelancer.seriesguide.fileprovider"
99            android:exported="false"
100            android:grantUriPermissions="true" >
101            <meta-data
102                android:name="android.support.FILE_PROVIDER_PATHS"
103                android:resource="@xml/file_provider_paths" />
104        </provider> <!-- Launch activity -->
105        <activity
105-->src/main/AndroidManifest.xml:84:9-103:20
106            android:name="com.battlelancer.seriesguide.ui.ShowsActivity"
106-->src/main/AndroidManifest.xml:85:13-73
107            android:exported="true"
107-->src/main/AndroidManifest.xml:86:13-36
108            android:launchMode="singleTop" >
108-->src/main/AndroidManifest.xml:87:13-43
109            <intent-filter>
109-->src/main/AndroidManifest.xml:88:13-91:29
110                <action android:name="android.intent.action.MAIN" />
110-->src/main/AndroidManifest.xml:89:17-69
110-->src/main/AndroidManifest.xml:89:25-66
111
112                <category android:name="android.intent.category.LAUNCHER" />
112-->src/main/AndroidManifest.xml:90:17-77
112-->src/main/AndroidManifest.xml:90:27-74
113            </intent-filter>
114            <intent-filter>
114-->src/main/AndroidManifest.xml:92:13-97:29
115                <action android:name="com.battlelancer.seriesguide.api.action.VIEW_EPISODE" />
115-->src/main/AndroidManifest.xml:93:17-95
115-->src/main/AndroidManifest.xml:93:25-92
116                <action android:name="com.battlelancer.seriesguide.api.action.VIEW_SHOW" />
116-->src/main/AndroidManifest.xml:94:17-92
116-->src/main/AndroidManifest.xml:94:25-89
117
118                <category android:name="android.intent.category.DEFAULT" />
118-->src/main/AndroidManifest.xml:96:17-76
118-->src/main/AndroidManifest.xml:96:27-73
119            </intent-filter>
120
121            <!-- launcher shortcuts -->
122            <meta-data
122-->src/main/AndroidManifest.xml:100:13-102:53
123                android:name="android.app.shortcuts"
123-->src/main/AndroidManifest.xml:101:17-53
124                android:resource="@xml/shortcuts" />
124-->src/main/AndroidManifest.xml:102:17-50
125        </activity> <!-- Hexagon -->
126        <activity
126-->src/main/AndroidManifest.xml:106:9-108:47
127            android:name="com.battlelancer.seriesguide.backend.CloudSetupActivity"
127-->src/main/AndroidManifest.xml:107:13-83
128            android:label="@string/hexagon" /> <!-- Shows -->
128-->src/main/AndroidManifest.xml:108:13-44
129        <activity
129-->src/main/AndroidManifest.xml:111:9-118:20
130            android:name="com.battlelancer.seriesguide.ui.OverviewActivity"
130-->src/main/AndroidManifest.xml:112:13-76
131            android:exported="true"
131-->src/main/AndroidManifest.xml:113:13-36
132            android:parentActivityName="com.battlelancer.seriesguide.ui.ShowsActivity" >
132-->src/main/AndroidManifest.xml:114:13-87
133            <meta-data
133-->src/main/AndroidManifest.xml:115:13-117:82
134                android:name="android.app.default_searchable"
134-->src/main/AndroidManifest.xml:116:17-62
135                android:value="com.battlelancer.seriesguide.ui.SearchActivity" />
135-->src/main/AndroidManifest.xml:117:17-79
136        </activity>
137        <activity android:name="com.battlelancer.seriesguide.shows.episodes.EpisodesActivity" />
137-->src/main/AndroidManifest.xml:119:9-97
137-->src/main/AndroidManifest.xml:119:19-94
138        <activity
138-->src/main/AndroidManifest.xml:120:9-122:45
139            android:name="com.battlelancer.seriesguide.ui.ListsActivity"
139-->src/main/AndroidManifest.xml:121:13-73
140            android:label="@string/lists" />
140-->src/main/AndroidManifest.xml:122:13-42
141        <activity
141-->src/main/AndroidManifest.xml:123:9-125:51
142            android:name="com.battlelancer.seriesguide.history.HistoryActivity"
142-->src/main/AndroidManifest.xml:124:13-52
143            android:label="@string/user_stream" />
143-->src/main/AndroidManifest.xml:125:13-48
144        <activity
144-->src/main/AndroidManifest.xml:126:9-151:20
145            android:name="com.battlelancer.seriesguide.ui.SearchActivity"
145-->src/main/AndroidManifest.xml:127:13-74
146            android:exported="true"
146-->src/main/AndroidManifest.xml:128:13-36
147            android:launchMode="singleTop"
147-->src/main/AndroidManifest.xml:129:13-43
148            android:windowSoftInputMode="stateHidden" >
148-->src/main/AndroidManifest.xml:130:13-54
149
150            <!-- Make this activity accessible from global search -->
151            <intent-filter>
151-->src/main/AndroidManifest.xml:132:13-134:29
152                <action android:name="android.intent.action.SEARCH" />
152-->src/main/AndroidManifest.xml:133:17-71
152-->src/main/AndroidManifest.xml:133:25-68
153            </intent-filter>
154
155            <meta-data
155-->src/main/AndroidManifest.xml:135:13-137:54
156                android:name="android.app.searchable"
156-->src/main/AndroidManifest.xml:136:17-54
157                android:resource="@xml/searchable" />
157-->src/main/AndroidManifest.xml:137:17-51
158
159            <!-- Integrate with voice search: "OK Google, search for X on SeriesGuide" -->
160            <intent-filter>
160-->src/main/AndroidManifest.xml:140:13-143:29
161                <action android:name="com.google.android.gms.actions.SEARCH_ACTION" />
161-->src/main/AndroidManifest.xml:141:17-87
161-->src/main/AndroidManifest.xml:141:25-84
162
163                <category android:name="android.intent.category.DEFAULT" />
163-->src/main/AndroidManifest.xml:96:17-76
163-->src/main/AndroidManifest.xml:96:27-73
164            </intent-filter>
165
166            <!-- Receive links to shows -->
167            <intent-filter>
167-->src/main/AndroidManifest.xml:146:13-150:29
168                <action android:name="android.intent.action.SEND" />
168-->src/main/AndroidManifest.xml:147:17-69
168-->src/main/AndroidManifest.xml:147:25-66
169
170                <category android:name="android.intent.category.DEFAULT" />
170-->src/main/AndroidManifest.xml:96:17-76
170-->src/main/AndroidManifest.xml:96:27-73
171
172                <data android:mimeType="text/plain" />
172-->src/main/AndroidManifest.xml:149:17-55
172-->src/main/AndroidManifest.xml:149:23-52
173            </intent-filter>
174        </activity>
175        <activity android:name="com.battlelancer.seriesguide.shows.search.similar.SimilarShowsActivity" />
175-->src/main/AndroidManifest.xml:152:9-79
175-->src/main/AndroidManifest.xml:152:19-76
176        <activity
176-->src/main/AndroidManifest.xml:153:9-155:63
177            android:name="com.battlelancer.seriesguide.shows.search.discover.TraktShowsActivity"
177-->src/main/AndroidManifest.xml:154:13-69
178            android:parentActivityName="com.battlelancer.seriesguide.ui.SearchActivity" /> <!-- Movies -->
178-->src/main/AndroidManifest.xml:155:13-60
179        <activity
179-->src/main/AndroidManifest.xml:158:9-160:46
180            android:name="com.battlelancer.seriesguide.ui.MoviesActivity"
180-->src/main/AndroidManifest.xml:159:13-74
181            android:label="@string/movies" />
181-->src/main/AndroidManifest.xml:160:13-43
182        <activity
182-->src/main/AndroidManifest.xml:161:9-164:57
183            android:name="com.battlelancer.seriesguide.movies.search.MoviesSearchActivity"
183-->src/main/AndroidManifest.xml:162:13-63
184            android:parentActivityName="com.battlelancer.seriesguide.ui.MoviesActivity"
184-->src/main/AndroidManifest.xml:163:13-88
185            android:windowSoftInputMode="stateHidden" />
185-->src/main/AndroidManifest.xml:164:13-54
186        <activity
186-->src/main/AndroidManifest.xml:165:9-167:91
187            android:name="com.battlelancer.seriesguide.movies.details.MovieDetailsActivity"
187-->src/main/AndroidManifest.xml:166:13-64
188            android:parentActivityName="com.battlelancer.seriesguide.ui.MoviesActivity" /> <!-- Settings -->
188-->src/main/AndroidManifest.xml:167:13-88
189        <activity android:name="com.battlelancer.seriesguide.preferences.MoreOptionsActivity" />
189-->src/main/AndroidManifest.xml:170:9-69
189-->src/main/AndroidManifest.xml:170:19-66
190        <activity
190-->src/main/AndroidManifest.xml:171:9-173:60
191            android:name="com.battlelancer.seriesguide.preferences.AboutActivity"
191-->src/main/AndroidManifest.xml:172:13-54
192            android:label="@string/prefs_category_about" />
192-->src/main/AndroidManifest.xml:173:13-57
193        <activity
193-->src/main/AndroidManifest.xml:174:9-186:20
194            android:name="com.battlelancer.seriesguide.ui.SeriesGuidePreferences"
194-->src/main/AndroidManifest.xml:175:13-82
195            android:exported="true"
195-->src/main/AndroidManifest.xml:176:13-36
196            android:label="@string/preferences" >
196-->src/main/AndroidManifest.xml:177:13-48
197            <intent-filter>
197-->src/main/AndroidManifest.xml:178:13-181:29
198                <action android:name="android.intent.action.MANAGE_NETWORK_USAGE" />
198-->src/main/AndroidManifest.xml:179:17-85
198-->src/main/AndroidManifest.xml:179:25-82
199
200                <category android:name="android.intent.category.DEFAULT" />
200-->src/main/AndroidManifest.xml:96:17-76
200-->src/main/AndroidManifest.xml:96:27-73
201            </intent-filter>
202            <intent-filter>
202-->src/main/AndroidManifest.xml:182:13-185:29
203                <action android:name="android.intent.action.MAIN" />
203-->src/main/AndroidManifest.xml:89:17-69
203-->src/main/AndroidManifest.xml:89:25-66
204
205                <category android:name="android.intent.category.NOTIFICATION_PREFERENCES" />
205-->src/main/AndroidManifest.xml:184:17-93
205-->src/main/AndroidManifest.xml:184:27-90
206            </intent-filter>
207        </activity>
208        <activity
208-->src/main/AndroidManifest.xml:187:9-190:67
209            android:name="com.battlelancer.seriesguide.extensions.ExtensionsConfigurationActivity"
209-->src/main/AndroidManifest.xml:188:13-99
210            android:exported="true"
210-->src/main/AndroidManifest.xml:189:13-36
211            android:label="@string/action_extensions_configure" /> <!-- Import and Export -->
211-->src/main/AndroidManifest.xml:190:13-64
212        <activity
212-->src/main/AndroidManifest.xml:193:9-195:46
213            android:name="com.battlelancer.seriesguide.dataliberation.DataLiberationActivity"
213-->src/main/AndroidManifest.xml:194:13-94
214            android:label="@string/backup" /> <!-- trakt -->
214-->src/main/AndroidManifest.xml:195:13-43
215        <activity
215-->src/main/AndroidManifest.xml:198:9-200:45
216            android:name="com.battlelancer.seriesguide.traktapi.ConnectTraktActivity"
216-->src/main/AndroidManifest.xml:199:13-86
217            android:label="@string/trakt" />
217-->src/main/AndroidManifest.xml:200:13-42
218        <activity
218-->src/main/AndroidManifest.xml:201:9-215:20
219            android:name="com.battlelancer.seriesguide.traktapi.TraktAuthActivity"
219-->src/main/AndroidManifest.xml:202:13-83
220            android:exported="true"
220-->src/main/AndroidManifest.xml:205:13-36
221            android:label="@string/connect_trakt"
221-->src/main/AndroidManifest.xml:203:13-50
222            android:launchMode="singleTask" >
222-->src/main/AndroidManifest.xml:204:13-44
223
224            <!-- Support callback for external browser OAuth flow. -->
225            <intent-filter>
225-->src/main/AndroidManifest.xml:207:13-214:29
226                <action android:name="android.intent.action.VIEW" />
226-->src/main/AndroidManifest.xml:208:17-69
226-->src/main/AndroidManifest.xml:208:25-66
227
228                <category android:name="android.intent.category.DEFAULT" />
228-->src/main/AndroidManifest.xml:96:17-76
228-->src/main/AndroidManifest.xml:96:27-73
229                <category android:name="android.intent.category.BROWSABLE" />
229-->src/main/AndroidManifest.xml:211:17-78
229-->src/main/AndroidManifest.xml:211:27-75
230
231                <data android:scheme="sgoauth" />
231-->src/main/AndroidManifest.xml:149:17-55
232            </intent-filter>
233        </activity>
234        <activity
234-->src/main/AndroidManifest.xml:216:9-218:57
235            android:name="com.battlelancer.seriesguide.comments.TraktCommentsActivity"
235-->src/main/AndroidManifest.xml:217:13-87
236            android:windowSoftInputMode="stateHidden" /> <!-- Others -->
236-->src/main/AndroidManifest.xml:218:13-54
237        <activity android:name="com.battlelancer.seriesguide.billing.BillingActivity" />
237-->src/main/AndroidManifest.xml:221:9-89
237-->src/main/AndroidManifest.xml:221:19-86
238        <activity
238-->src/main/AndroidManifest.xml:222:9-224:50
239            android:name="com.battlelancer.seriesguide.stats.StatsActivity"
239-->src/main/AndroidManifest.xml:223:13-48
240            android:label="@string/statistics" />
240-->src/main/AndroidManifest.xml:224:13-47
241        <activity
241-->src/main/AndroidManifest.xml:225:9-228:85
242            android:name="com.battlelancer.seriesguide.traktapi.QuickCheckInActivity"
242-->src/main/AndroidManifest.xml:226:13-86
243            android:exported="true"
243-->src/main/AndroidManifest.xml:227:13-36
244            android:taskAffinity="com.battlelancer.seriesguide.task.quickcheckin" />
244-->src/main/AndroidManifest.xml:228:13-82
245        <activity
245-->src/main/AndroidManifest.xml:229:9-231:77
246            android:name="com.battlelancer.seriesguide.ui.FullscreenImageActivity"
246-->src/main/AndroidManifest.xml:230:13-83
247            android:configChanges="orientation|keyboardHidden|screenSize" />
247-->src/main/AndroidManifest.xml:231:13-74
248        <activity android:name="com.battlelancer.seriesguide.people.PeopleActivity" />
248-->src/main/AndroidManifest.xml:232:9-87
248-->src/main/AndroidManifest.xml:232:19-84
249        <activity android:name="com.battlelancer.seriesguide.people.PersonActivity" /> <!-- Notification service -->
249-->src/main/AndroidManifest.xml:233:9-87
249-->src/main/AndroidManifest.xml:233:19-84
250        <receiver android:name="com.battlelancer.seriesguide.notifications.NotificationActionReceiver" />
250-->src/main/AndroidManifest.xml:236:9-78
250-->src/main/AndroidManifest.xml:236:19-75
251        <receiver
251-->src/main/AndroidManifest.xml:237:9-242:20
252            android:name="com.battlelancer.seriesguide.notifications.NotificationAlarmReceiver"
252-->src/main/AndroidManifest.xml:237:19-74
253            android:exported="false" >
253-->src/main/AndroidManifest.xml:238:13-37
254            <intent-filter>
254-->src/main/AndroidManifest.xml:239:13-241:29
255                <action android:name="android.intent.action.BOOT_COMPLETED" />
255-->src/main/AndroidManifest.xml:240:17-79
255-->src/main/AndroidManifest.xml:240:25-76
256            </intent-filter>
257        </receiver> <!-- List widget configuration -->
258        <activity
258-->src/main/AndroidManifest.xml:245:9-252:20
259            android:name="com.battlelancer.seriesguide.appwidget.ListWidgetPreferenceActivity"
259-->src/main/AndroidManifest.xml:246:13-95
260            android:exported="false"
260-->src/main/AndroidManifest.xml:248:13-37
261            android:taskAffinity="com.battlelancer.seriesguide.task.configuration" >
261-->src/main/AndroidManifest.xml:247:13-83
262            <intent-filter>
262-->src/main/AndroidManifest.xml:249:13-251:29
263                <action android:name="android.appwidget.action.APPWIDGET_CONFIGURE" />
263-->src/main/AndroidManifest.xml:250:17-87
263-->src/main/AndroidManifest.xml:250:25-84
264            </intent-filter>
265        </activity> <!-- Widgets -->
266        <receiver
266-->src/main/AndroidManifest.xml:255:9-269:20
267            android:name="com.battlelancer.seriesguide.appwidget.ListWidgetProvider"
267-->src/main/AndroidManifest.xml:256:13-85
268            android:exported="false"
268-->src/main/AndroidManifest.xml:258:13-37
269            android:label="@string/app_name" >
269-->src/main/AndroidManifest.xml:257:13-45
270            <intent-filter>
270-->src/main/AndroidManifest.xml:259:13-261:29
271                <action android:name="android.appwidget.action.APPWIDGET_UPDATE" />
271-->src/main/AndroidManifest.xml:260:17-84
271-->src/main/AndroidManifest.xml:260:25-81
272            </intent-filter>
273            <intent-filter>
273-->src/main/AndroidManifest.xml:262:13-264:29
274                <action android:name="com.battlelancer.seriesguide.appwidget.UPDATE" />
274-->src/main/AndroidManifest.xml:263:17-88
274-->src/main/AndroidManifest.xml:263:25-85
275            </intent-filter>
276
277            <meta-data
277-->src/main/AndroidManifest.xml:266:13-268:62
278                android:name="android.appwidget.provider"
278-->src/main/AndroidManifest.xml:267:17-58
279                android:resource="@xml/appwidget_v11_info" />
279-->src/main/AndroidManifest.xml:268:17-59
280        </receiver>
281
282        <service
282-->src/main/AndroidManifest.xml:270:9-272:72
283            android:name="com.battlelancer.seriesguide.appwidget.ListWidgetService"
283-->src/main/AndroidManifest.xml:271:13-84
284            android:permission="android.permission.BIND_REMOTEVIEWS" /> <!-- SeriesGuide Extension listener -->
284-->src/main/AndroidManifest.xml:272:13-69
285        <receiver
285-->src/main/AndroidManifest.xml:275:9-278:47
286            android:name="com.battlelancer.seriesguide.extensions.ExtensionActionReceiver"
286-->src/main/AndroidManifest.xml:276:13-91
287            android:exported="true" /> <!-- Built-in SeriesGuide extensions -->
287-->src/main/AndroidManifest.xml:277:13-36
288        <receiver
288-->src/main/AndroidManifest.xml:281:9-294:20
289            android:name="com.battlelancer.seriesguide.extensions.AmazonExtensionReceiver"
289-->src/main/AndroidManifest.xml:282:13-91
290            android:description="@string/description_extension_amazon"
290-->src/main/AndroidManifest.xml:283:13-71
291            android:exported="false"
291-->src/main/AndroidManifest.xml:284:13-37
292            android:icon="@mipmap/ic_app"
292-->src/main/AndroidManifest.xml:285:13-42
293            android:label="@string/extension_amazon" >
293-->src/main/AndroidManifest.xml:286:13-53
294            <intent-filter>
294-->src/pure/AndroidManifest.xml:23:13-25:29
295                <action android:name="com.battlelancer.seriesguide.api.SeriesGuideExtension" />
295-->src/main/AndroidManifest.xml:36:13-92
295-->src/main/AndroidManifest.xml:36:21-89
296            </intent-filter>
297
298            <meta-data
298-->src/main/AndroidManifest.xml:291:13-293:107
299                android:name="settingsActivity"
299-->src/main/AndroidManifest.xml:292:17-48
300                android:value="com.battlelancer.seriesguide.extensions.ExtensionsConfigurationActivity" />
300-->src/main/AndroidManifest.xml:293:17-104
301        </receiver>
302
303        <service
303-->src/main/AndroidManifest.xml:295:9-298:72
304            android:name="com.battlelancer.seriesguide.extensions.AmazonExtension"
304-->src/main/AndroidManifest.xml:296:13-83
305            android:exported="true"
305-->src/main/AndroidManifest.xml:297:13-36
306            android:permission="android.permission.BIND_JOB_SERVICE" />
306-->src/main/AndroidManifest.xml:298:13-69
307
308        <receiver
308-->src/main/AndroidManifest.xml:300:9-310:20
309            android:name="com.battlelancer.seriesguide.extensions.YouTubeExtensionReceiver"
309-->src/main/AndroidManifest.xml:301:13-92
310            android:description="@string/description_extension_youtube"
310-->src/main/AndroidManifest.xml:302:13-72
311            android:exported="false"
311-->src/main/AndroidManifest.xml:303:13-37
312            android:icon="@mipmap/ic_app"
312-->src/main/AndroidManifest.xml:304:13-42
313            android:label="@string/extension_youtube" >
313-->src/main/AndroidManifest.xml:305:13-54
314            <intent-filter>
314-->src/pure/AndroidManifest.xml:23:13-25:29
315                <action android:name="com.battlelancer.seriesguide.api.SeriesGuideExtension" />
315-->src/main/AndroidManifest.xml:36:13-92
315-->src/main/AndroidManifest.xml:36:21-89
316            </intent-filter>
317        </receiver>
318
319        <service
319-->src/main/AndroidManifest.xml:311:9-314:72
320            android:name="com.battlelancer.seriesguide.extensions.YouTubeExtension"
320-->src/main/AndroidManifest.xml:312:13-84
321            android:exported="true"
321-->src/main/AndroidManifest.xml:313:13-36
322            android:permission="android.permission.BIND_JOB_SERVICE" />
322-->src/main/AndroidManifest.xml:314:13-69
323
324        <receiver
324-->src/main/AndroidManifest.xml:316:9-326:20
325            android:name="com.battlelancer.seriesguide.extensions.VodsterExtensionReceiver"
325-->src/main/AndroidManifest.xml:317:13-92
326            android:description="@string/extension_vodster_description"
326-->src/main/AndroidManifest.xml:318:13-72
327            android:exported="false"
327-->src/main/AndroidManifest.xml:319:13-37
328            android:icon="@mipmap/ic_app"
328-->src/main/AndroidManifest.xml:320:13-42
329            android:label="@string/extension_vodster" >
329-->src/main/AndroidManifest.xml:321:13-54
330            <intent-filter>
330-->src/pure/AndroidManifest.xml:23:13-25:29
331                <action android:name="com.battlelancer.seriesguide.api.SeriesGuideExtension" />
331-->src/main/AndroidManifest.xml:36:13-92
331-->src/main/AndroidManifest.xml:36:21-89
332            </intent-filter>
333        </receiver>
334
335        <service
335-->src/main/AndroidManifest.xml:327:9-330:72
336            android:name="com.battlelancer.seriesguide.extensions.VodsterExtension"